<?xml version="1.0" encoding="UTF-8"?>
<!-- Generated by org.testng.reporters.JUnitXMLReporter -->
<testsuite ignored="0" hostname="DESKTOP-BPQODCE" failures="1" tests="1" name="JSErrorTests" time="54.108" errors="0" timestamp="2024-03-26T18:00:34 CET">
  <testcase classname="com.jserrortests.JSErrorTests" name="jsErrorTest" time="48.676">
    <failure type="java.lang.AssertionError" message="The following asserts failed:
	Severe error: http://the-internet.herokuapp.com/javascript_error 6:51 Uncaught TypeError: Cannot read properties of undefined (reading &amp;apos;xyz&amp;apos;)">
      <![CDATA[java.lang.AssertionError: The following asserts failed:
Severe error: http://the-internet.herokuapp.com/javascript_error 6:51 Uncaught TypeError: Cannot read properties of undefined (reading 'xyz')
at com.jserrortests.JSErrorTests.jsErrorTest(JSErrorTests.java:32)
at java.base/java.util.ArrayList.forEach(ArrayList.java:1511)
... Removed 29 stack frames]]>
    </failure>
  </testcase> <!-- jsErrorTest -->
</testsuite> <!-- JSErrorTests -->
